TN:
SF:/workspaces/lab1/Lexer.h
FN:20,20,_ZN5TokenC2E9TokenTypeRKNSt7__cxx1112basic_stringIcSt11char_traitsIcESaIcEEE
FN:29,32,_ZN15LexicalAnalyzer12initKeywordsEv
FN:34,34,_ZN15LexicalAnalyzer7isAlphaEc
FN:35,35,_ZN15LexicalAnalyzer7isDigitEc
FN:38,38,_ZN15LexicalAnalyzerC2ERKNSt7__cxx1112basic_stringIcSt11char_traitsIcESaIcEEE
FN:40,86,_ZN15LexicalAnalyzer8tokenizeEv
FNDA:19,_ZN5TokenC2E9TokenTypeRKNSt7__cxx1112basic_stringIcSt11char_traitsIcESaIcEEE
FNDA:14,_ZN15LexicalAnalyzer12initKeywordsEv
FNDA:19,_ZN15LexicalAnalyzer7isAlphaEc
FNDA:7,_ZN15LexicalAnalyzer7isDigitEc
FNDA:14,_ZN15LexicalAnalyzerC2ERKNSt7__cxx1112basic_stringIcSt11char_traitsIcESaIcEEE
FNDA:14,_ZN15LexicalAnalyzer8tokenizeEv
FNF:6
FNH:6
DA:20,19
DA:29,14
DA:30,294
DA:31,266
DA:32,280
DA:34,19
DA:35,7
DA:38,14
DA:40,14
DA:41,14
DA:42,37
DA:43,24
DA:44,42
DA:47,20
DA:48,1
DA:49,6
DA:51,1
DA:52,1
DA:54,0
DA:55,0
DA:56,0
DA:57,0
DA:59,19
DA:60,12
DA:61,61
DA:62,12
DA:63,12
DA:64,3
DA:65,12
DA:66,12
DA:68,7
DA:69,2
DA:70,6
DA:71,2
DA:72,2
DA:73,2
DA:75,5
DA:76,5
DA:77,4
DA:78,4
DA:79,4
DA:82,1
DA:83,1
DA:84,5
DA:85,13
DA:86,1
LF:46
LH:42
end_of_record
TN:
SF:/workspaces/lab1/tests.cpp
FN:11,11,_ZN12LexerFixture5SetUpEv
FN:12,12,_ZN12LexerFixture8TearDownEv
FN:16,16,_ZN36KeywordParamTest_ChecksKeywords_Test13AddToRegistryEv
FN:16,16,_ZN36KeywordParamTest_ChecksKeywords_Test8TestBodyEv
FN:16,16,_ZN36KeywordParamTest_ChecksKeywords_TestC2Ev
FN:22,22,_ZL47gtest_JSKeywordsKeywordParamTest_EvalGenerator_v
FN:22,22,_ZL50gtest_JSKeywordsKeywordParamTest_EvalGenerateName_RKN7testing13TestParamInfoINSt7__cxx1112basic_stringIcSt11char_traitsIcESaIcEEEEE
FN:25,25,_ZN42LiteralParamTest_ChecksDifferentTypes_Test13AddToRegistryEv
FN:25,25,_ZN42LiteralParamTest_ChecksDifferentTypes_Test8TestBodyEv
FN:25,25,_ZN42LiteralParamTest_ChecksDifferentTypes_TestC2Ev
FN:33,33,_ZL45gtest_LiteralsLiteralParamTest_EvalGenerator_v
FN:33,33,_ZL48gtest_LiteralsLiteralParamTest_EvalGenerateName_RKN7testing13TestParamInfoI13TokenTestDataEE
FN:35,35,_ZN43LexerFixture_AdvancedAndExceptionTests_Test8TestBodyEv
FN:35,35,_ZN43LexerFixture_AdvancedAndExceptionTests_TestC2Ev
FN:35,35,_ZN43LexerFixture_AdvancedAndExceptionTests_TestD0Ev
FN:35,35,_ZN43LexerFixture_AdvancedAndExceptionTests_TestD2Ev
FN:53,56,_ZN44LexerFixture_ThrowsOnUnterminatedString_Test8TestBodyEv
FN:53,56,_ZN44LexerFixture_ThrowsOnUnterminatedString_TestC2Ev
FN:53,56,_ZN44LexerFixture_ThrowsOnUnterminatedString_TestD0Ev
FN:53,56,_ZN44LexerFixture_ThrowsOnUnterminatedString_TestD2Ev
FN:58,67,_ZN26LexerFixture_SkipTest_Test8TestBodyEv
FN:58,67,_ZN26LexerFixture_SkipTest_TestC2Ev
FN:58,67,_ZN26LexerFixture_SkipTest_TestD0Ev
FN:58,67,_ZN26LexerFixture_SkipTest_TestD2Ev
FN:69,74,_ZN31LexerFixture_CoversUnknown_Test8TestBodyEv
FN:69,74,_ZN31LexerFixture_CoversUnknown_TestC2Ev
FN:69,74,_ZN31LexerFixture_CoversUnknown_TestD0Ev
FN:69,74,_ZN31LexerFixture_CoversUnknown_TestD2Ev
FNDA:4,_ZN12LexerFixture5SetUpEv
FNDA:4,_ZN12LexerFixture8TearDownEv
FNDA:1,_ZN36KeywordParamTest_ChecksKeywords_Test13AddToRegistryEv
FNDA:7,_ZN36KeywordParamTest_ChecksKeywords_Test8TestBodyEv
FNDA:7,_ZN36KeywordParamTest_ChecksKeywords_TestC2Ev
FNDA:1,_ZL47gtest_JSKeywordsKeywordParamTest_EvalGenerator_v
FNDA:7,_ZL50gtest_JSKeywordsKeywordParamTest_EvalGenerateName_RKN7testing13TestParamInfoINSt7__cxx1112basic_stringIcSt11char_traitsIcESaIcEEEEE
FNDA:1,_ZN42LiteralParamTest_ChecksDifferentTypes_Test13AddToRegistryEv
FNDA:3,_ZN42LiteralParamTest_ChecksDifferentTypes_Test8TestBodyEv
FNDA:3,_ZN42LiteralParamTest_ChecksDifferentTypes_TestC2Ev
FNDA:1,_ZL45gtest_LiteralsLiteralParamTest_EvalGenerator_v
FNDA:3,_ZL48gtest_LiteralsLiteralParamTest_EvalGenerateName_RKN7testing13TestParamInfoI13TokenTestDataEE
FNDA:1,_ZN43LexerFixture_AdvancedAndExceptionTests_Test8TestBodyEv
FNDA:1,_ZN43LexerFixture_AdvancedAndExceptionTests_TestC2Ev
FNDA:1,_ZN43LexerFixture_AdvancedAndExceptionTests_TestD0Ev
FNDA:1,_ZN43LexerFixture_AdvancedAndExceptionTests_TestD2Ev
FNDA:1,_ZN44LexerFixture_ThrowsOnUnterminatedString_Test8TestBodyEv
FNDA:1,_ZN44LexerFixture_ThrowsOnUnterminatedString_TestC2Ev
FNDA:1,_ZN44LexerFixture_ThrowsOnUnterminatedString_TestD0Ev
FNDA:1,_ZN44LexerFixture_ThrowsOnUnterminatedString_TestD2Ev
FNDA:1,_ZN26LexerFixture_SkipTest_Test8TestBodyEv
FNDA:1,_ZN26LexerFixture_SkipTest_TestC2Ev
FNDA:1,_ZN26LexerFixture_SkipTest_TestD0Ev
FNDA:1,_ZN26LexerFixture_SkipTest_TestD2Ev
FNDA:1,_ZN31LexerFixture_CoversUnknown_Test8TestBodyEv
FNDA:1,_ZN31LexerFixture_CoversUnknown_TestC2Ev
FNDA:1,_ZN31LexerFixture_CoversUnknown_TestD0Ev
FNDA:1,_ZN31LexerFixture_CoversUnknown_TestD2Ev
FNF:28
FNH:28
DA:11,4
DA:12,4
DA:16,19
DA:17,7
DA:18,7
DA:19,7
DA:20,7
DA:21,7
DA:22,8
DA:25,11
DA:26,3
DA:27,3
DA:28,3
DA:29,3
DA:30,3
DA:31,3
DA:32,3
DA:33,4
DA:35,4
DA:36,2
DA:37,1
DA:39,2
DA:40,1
DA:41,6
DA:43,1
DA:44,1
DA:46,1
DA:48,1
DA:50,1
DA:51,1
DA:53,4
DA:54,1
DA:55,1
DA:56,1
DA:58,4
DA:63,1
DA:64,1
DA:65,1
DA:66,1
DA:67,1
DA:69,4
DA:70,1
DA:71,1
DA:72,1
DA:73,1
DA:74,1
LF:46
LH:46
end_of_record
