TN:
SF:/workspaces/lab1/Lexer.h
FN:20,20,_ZN5TokenC2E9TokenTypeRKNSt7__cxx1112basic_stringIcSt11char_traitsIcESaIcEEE
FN:29,32,_ZN15LexicalAnalyzer12initKeywordsEv
FN:34,34,_ZN15LexicalAnalyzer7isAlphaEc
FN:38,38,_ZN15LexicalAnalyzerC2ERKNSt7__cxx1112basic_stringIcSt11char_traitsIcESaIcEEE
FN:40,106,_ZN15LexicalAnalyzer8tokenizeEv
FNDA:55,_ZN5TokenC2E9TokenTypeRKNSt7__cxx1112basic_stringIcSt11char_traitsIcESaIcEEE
FNDA:14,_ZN15LexicalAnalyzer12initKeywordsEv
FNDA:55,_ZN15LexicalAnalyzer7isAlphaEc
FNDA:14,_ZN15LexicalAnalyzerC2ERKNSt7__cxx1112basic_stringIcSt11char_traitsIcESaIcEEE
FNDA:14,_ZN15LexicalAnalyzer8tokenizeEv
FNF:5
FNH:5
DA:20,55
DA:29,14
DA:30,294
DA:31,266
DA:32,280
DA:34,55
DA:38,14
DA:40,14
DA:41,14
DA:42,99
DA:43,86
DA:44,138
DA:46,56
DA:47,1
DA:48,18
DA:50,1
DA:51,1
DA:53,0
DA:54,0
DA:55,0
DA:56,0
DA:58,55
DA:59,29
DA:60,121
DA:61,29
DA:62,29
DA:63,13
DA:64,29
DA:65,29
DA:66,26
DA:67,5
DA:68,5
DA:69,17
DA:70,17
DA:71,17
DA:72,11
DA:74,6
DA:75,1
DA:76,1
DA:77,1
DA:79,0
DA:86,5
DA:87,5
DA:88,1
DA:90,4
DA:92,5
DA:93,5
DA:95,21
DA:96,21
DA:97,18
DA:98,18
DA:99,18
DA:102,3
DA:103,3
DA:104,21
DA:105,13
DA:106,1
LF:57
LH:52
end_of_record
TN:
SF:/workspaces/lab1/tests.cpp
FN:10,10,_ZN12LexerFixture8TearDownEv
FN:15,15,_ZN44ComplexCodeTest_ValidatesFullCodeBlocks_Test13AddToRegistryEv
FN:15,15,_ZN44ComplexCodeTest_ValidatesFullCodeBlocks_Test8TestBodyEv
FN:15,15,_ZN44ComplexCodeTest_ValidatesFullCodeBlocks_TestC2Ev
FN:26,26,_ZL44gtest_JSBlocksComplexCodeTest_EvalGenerator_v
FN:26,26,_ZL47gtest_JSBlocksComplexCodeTest_EvalGenerateName_RKN7testing13TestParamInfoI15ComplexTestDataEE
FN:30,30,_ZN46KeywordParamTest_ChecksIndividualKeywords_Test13AddToRegistryEv
FN:30,30,_ZN46KeywordParamTest_ChecksIndividualKeywords_Test8TestBodyEv
FN:30,30,_ZN46KeywordParamTest_ChecksIndividualKeywords_TestC2Ev
FN:36,36,_ZL45gtest_KeywordsKeywordParamTest_EvalGenerator_v
FN:36,36,_ZL48gtest_KeywordsKeywordParamTest_EvalGenerateName_RKN7testing13TestParamInfoINSt7__cxx1112basic_stringIcSt11char_traitsIcESaIcEEEEE
FN:38,38,_ZN44LexerFixture_ThrowsOnUnterminatedString_Test8TestBodyEv
FN:38,38,_ZN44LexerFixture_ThrowsOnUnterminatedString_TestC2Ev
FN:38,38,_ZN44LexerFixture_ThrowsOnUnterminatedString_TestD0Ev
FN:38,38,_ZN44LexerFixture_ThrowsOnUnterminatedString_TestD2Ev
FN:43,53,_ZN37LexerFixture_AdvancedAssertsDemo_Test8TestBodyEv
FN:43,53,_ZN37LexerFixture_AdvancedAssertsDemo_TestC2Ev
FN:43,53,_ZN37LexerFixture_AdvancedAssertsDemo_TestD0Ev
FN:43,53,_ZN37LexerFixture_AdvancedAssertsDemo_TestD2Ev
FN:55,63,_ZN38LexerFixture_PlatformSpecificSkip_Test8TestBodyEv
FN:55,63,_ZN38LexerFixture_PlatformSpecificSkip_TestC2Ev
FN:55,63,_ZN38LexerFixture_PlatformSpecificSkip_TestD0Ev
FN:55,63,_ZN38LexerFixture_PlatformSpecificSkip_TestD2Ev
FN:9,9,_ZN12LexerFixture5SetUpEv
FNDA:3,_ZN12LexerFixture8TearDownEv
FNDA:1,_ZN44ComplexCodeTest_ValidatesFullCodeBlocks_Test13AddToRegistryEv
FNDA:3,_ZN44ComplexCodeTest_ValidatesFullCodeBlocks_Test8TestBodyEv
FNDA:3,_ZN44ComplexCodeTest_ValidatesFullCodeBlocks_TestC2Ev
FNDA:1,_ZL44gtest_JSBlocksComplexCodeTest_EvalGenerator_v
FNDA:3,_ZL47gtest_JSBlocksComplexCodeTest_EvalGenerateName_RKN7testing13TestParamInfoI15ComplexTestDataEE
FNDA:1,_ZN46KeywordParamTest_ChecksIndividualKeywords_Test13AddToRegistryEv
FNDA:8,_ZN46KeywordParamTest_ChecksIndividualKeywords_Test8TestBodyEv
FNDA:8,_ZN46KeywordParamTest_ChecksIndividualKeywords_TestC2Ev
FNDA:1,_ZL45gtest_KeywordsKeywordParamTest_EvalGenerator_v
FNDA:8,_ZL48gtest_KeywordsKeywordParamTest_EvalGenerateName_RKN7testing13TestParamInfoINSt7__cxx1112basic_stringIcSt11char_traitsIcESaIcEEEEE
FNDA:1,_ZN44LexerFixture_ThrowsOnUnterminatedString_Test8TestBodyEv
FNDA:1,_ZN44LexerFixture_ThrowsOnUnterminatedString_TestC2Ev
FNDA:1,_ZN44LexerFixture_ThrowsOnUnterminatedString_TestD0Ev
FNDA:1,_ZN44LexerFixture_ThrowsOnUnterminatedString_TestD2Ev
FNDA:1,_ZN37LexerFixture_AdvancedAssertsDemo_Test8TestBodyEv
FNDA:1,_ZN37LexerFixture_AdvancedAssertsDemo_TestC2Ev
FNDA:1,_ZN37LexerFixture_AdvancedAssertsDemo_TestD0Ev
FNDA:1,_ZN37LexerFixture_AdvancedAssertsDemo_TestD2Ev
FNDA:1,_ZN38LexerFixture_PlatformSpecificSkip_Test8TestBodyEv
FNDA:1,_ZN38LexerFixture_PlatformSpecificSkip_TestC2Ev
FNDA:1,_ZN38LexerFixture_PlatformSpecificSkip_TestD0Ev
FNDA:1,_ZN38LexerFixture_PlatformSpecificSkip_TestD2Ev
FNDA:3,_ZN12LexerFixture5SetUpEv
FNF:24
FNH:24
DA:9,3
DA:10,3
DA:15,11
DA:16,3
DA:17,3
DA:18,3
DA:20,3
DA:22,40
DA:23,37
DA:25,3
DA:26,4
DA:30,21
DA:31,8
DA:32,8
DA:33,8
DA:34,8
DA:35,8
DA:36,9
DA:38,4
DA:39,1
DA:40,1
DA:41,1
DA:43,4
DA:44,2
DA:45,1
DA:47,1
DA:48,1
DA:50,1
DA:52,1
DA:53,1
DA:55,4
DA:60,1
DA:61,1
DA:62,1
DA:63,1
LF:35
LH:35
end_of_record
